{"/Users/nancui/Desktop/cscwork/FFDP/react-base-18/src/containers/CacheHoc.jsx": {"path":"/Users/nancui/Desktop/cscwork/FFDP/react-base-18/src/containers/CacheHoc.jsx","statementMap":{"0":{"start":{"line":6,"column":17},"end":{"line":87,"column":1}},"1":{"start":{"line":7,"column":22},"end":{"line":84,"column":5}},"2":{"start":{"line":8,"column":48},"end":{"line":8,"column":58}},"3":{"start":{"line":9,"column":21},"end":{"line":9,"column":33}},"4":{"start":{"line":10,"column":25},"end":{"line":10,"column":37}},"5":{"start":{"line":11,"column":25},"end":{"line":11,"column":38}},"6":{"start":{"line":12,"column":29},"end":{"line":12,"column":48}},"7":{"start":{"line":13,"column":25},"end":{"line":13,"column":38}},"8":{"start":{"line":15,"column":22},"end":{"line":25,"column":9}},"9":{"start":{"line":17,"column":16},"end":{"line":20,"column":17}},"10":{"start":{"line":19,"column":20},"end":{"line":19,"column":50}},"11":{"start":{"line":22,"column":16},"end":{"line":22,"column":26}},"12":{"start":{"line":27,"column":29},"end":{"line":40,"column":23}},"13":{"start":{"line":28,"column":12},"end":{"line":39,"column":13}},"14":{"start":{"line":29,"column":16},"end":{"line":29,"column":67}},"15":{"start":{"line":30,"column":16},"end":{"line":38,"column":23}},"16":{"start":{"line":31,"column":20},"end":{"line":36,"column":22}},"17":{"start":{"line":37,"column":20},"end":{"line":37,"column":71}},"18":{"start":{"line":42,"column":8},"end":{"line":54,"column":10}},"19":{"start":{"line":43,"column":12},"end":{"line":53,"column":13}},"20":{"start":{"line":44,"column":16},"end":{"line":44,"column":76}},"21":{"start":{"line":45,"column":35},"end":{"line":45,"column":71}},"22":{"start":{"line":46,"column":16},"end":{"line":46,"column":66}},"23":{"start":{"line":47,"column":16},"end":{"line":52,"column":17}},"24":{"start":{"line":48,"column":20},"end":{"line":51,"column":22}},"25":{"start":{"line":49,"column":34},"end":{"line":49,"column":60}},"26":{"start":{"line":50,"column":24},"end":{"line":50,"column":61}},"27":{"start":{"line":56,"column":31},"end":{"line":63,"column":9}},"28":{"start":{"line":58,"column":16},"end":{"line":60,"column":32}},"29":{"start":{"line":65,"column":26},"end":{"line":72,"column":9}},"30":{"start":{"line":67,"column":16},"end":{"line":67,"column":62}},"31":{"start":{"line":68,"column":16},"end":{"line":68,"column":43}},"32":{"start":{"line":69,"column":16},"end":{"line":69,"column":32}},"33":{"start":{"line":74,"column":8},"end":{"line":82,"column":14}},"34":{"start":{"line":86,"column":4},"end":{"line":86,"column":20}}},"fnMap":{"0":{"name":"(anonymous_0)","decl":{"start":{"line":6,"column":17},"end":{"line":6,"column":18}},"loc":{"start":{"line":6,"column":48},"end":{"line":87,"column":1}},"line":6},"1":{"name":"(anonymous_1)","decl":{"start":{"line":7,"column":22},"end":{"line":7,"column":23}},"loc":{"start":{"line":7,"column":33},"end":{"line":84,"column":5}},"line":7},"2":{"name":"(anonymous_2)","decl":{"start":{"line":16,"column":12},"end":{"line":16,"column":13}},"loc":{"start":{"line":16,"column":18},"end":{"line":23,"column":13}},"line":16},"3":{"name":"(anonymous_3)","decl":{"start":{"line":27,"column":41},"end":{"line":27,"column":42}},"loc":{"start":{"line":27,"column":55},"end":{"line":40,"column":9}},"line":27},"4":{"name":"(anonymous_4)","decl":{"start":{"line":30,"column":46},"end":{"line":30,"column":47}},"loc":{"start":{"line":30,"column":52},"end":{"line":38,"column":17}},"line":30},"5":{"name":"(anonymous_5)","decl":{"start":{"line":42,"column":17},"end":{"line":42,"column":18}},"loc":{"start":{"line":42,"column":23},"end":{"line":54,"column":9}},"line":42},"6":{"name":"(anonymous_6)","decl":{"start":{"line":48,"column":39},"end":{"line":48,"column":40}},"loc":{"start":{"line":48,"column":44},"end":{"line":51,"column":21}},"line":48},"7":{"name":"(anonymous_7)","decl":{"start":{"line":57,"column":12},"end":{"line":57,"column":13}},"loc":{"start":{"line":57,"column":28},"end":{"line":61,"column":13}},"line":57},"8":{"name":"(anonymous_8)","decl":{"start":{"line":66,"column":12},"end":{"line":66,"column":13}},"loc":{"start":{"line":66,"column":43},"end":{"line":70,"column":13}},"line":66}},"branchMap":{"0":{"loc":{"start":{"line":17,"column":16},"end":{"line":20,"column":17}},"type":"if","locations":[{"start":{"line":17,"column":16},"end":{"line":20,"column":17}},{"start":{},"end":{}}],"line":17},"1":{"loc":{"start":{"line":19,"column":27},"end":{"line":19,"column":49}},"type":"binary-expr","locations":[{"start":{"line":19,"column":27},"end":{"line":19,"column":43}},{"start":{"line":19,"column":47},"end":{"line":19,"column":49}}],"line":19},"2":{"loc":{"start":{"line":28,"column":12},"end":{"line":39,"column":13}},"type":"if","locations":[{"start":{"line":28,"column":12},"end":{"line":39,"column":13}},{"start":{},"end":{}}],"line":28},"3":{"loc":{"start":{"line":29,"column":16},"end":{"line":29,"column":66}},"type":"binary-expr","locations":[{"start":{"line":29,"column":16},"end":{"line":29,"column":32}},{"start":{"line":29,"column":36},"end":{"line":29,"column":66}}],"line":29},"4":{"loc":{"start":{"line":37,"column":20},"end":{"line":37,"column":70}},"type":"binary-expr","locations":[{"start":{"line":37,"column":20},"end":{"line":37,"column":36}},{"start":{"line":37,"column":40},"end":{"line":37,"column":70}}],"line":37},"5":{"loc":{"start":{"line":43,"column":12},"end":{"line":53,"column":13}},"type":"if","locations":[{"start":{"line":43,"column":12},"end":{"line":53,"column":13}},{"start":{},"end":{}}],"line":43},"6":{"loc":{"start":{"line":45,"column":47},"end":{"line":45,"column":70}},"type":"binary-expr","locations":[{"start":{"line":45,"column":47},"end":{"line":45,"column":64}},{"start":{"line":45,"column":68},"end":{"line":45,"column":70}}],"line":45},"7":{"loc":{"start":{"line":47,"column":16},"end":{"line":52,"column":17}},"type":"if","locations":[{"start":{"line":47,"column":16},"end":{"line":52,"column":17}},{"start":{},"end":{}}],"line":47},"8":{"loc":{"start":{"line":47,"column":20},"end":{"line":47,"column":67}},"type":"binary-expr","locations":[{"start":{"line":47,"column":20},"end":{"line":47,"column":42}},{"start":{"line":47,"column":46},"end":{"line":47,"column":67}}],"line":47}},"s":{"0":1,"1":1,"2":2,"3":2,"4":2,"5":2,"6":2,"7":2,"8":2,"9":2,"10":0,"11":2,"12":2,"13":0,"14":0,"15":0,"16":0,"17":0,"18":2,"19":2,"20":2,"21":2,"22":2,"23":2,"24":0,"25":0,"26":0,"27":2,"28":1,"29":2,"30":1,"31":1,"32":1,"33":2,"34":1},"f":{"0":1,"1":2,"2":2,"3":0,"4":0,"5":2,"6":0,"7":1,"8":1},"b":{"0":[0,2],"1":[0,0],"2":[0,0],"3":[0,0],"4":[0,0],"5":[2,0],"6":[2,2],"7":[0,2],"8":[2,0]},"_coverageSchema":"1a1c01bbd47fc00a2c39e90264f33305004495a9","hash":"0d14016d086b584fb2cdc5c135e14f528c984e16"}
,"/Users/nancui/Desktop/cscwork/FFDP/react-base-18/src/containers/Container.jsx": {"path":"/Users/nancui/Desktop/cscwork/FFDP/react-base-18/src/containers/Container.jsx","statementMap":{"0":{"start":{"line":8,"column":14},"end":{"line":8,"column":58}},"1":{"start":{"line":8,"column":25},"end":{"line":8,"column":57}},"2":{"start":{"line":9,"column":14},"end":{"line":9,"column":58}},"3":{"start":{"line":9,"column":25},"end":{"line":9,"column":57}},"4":{"start":{"line":11,"column":22},"end":{"line":14,"column":1}},"5":{"start":{"line":16,"column":18},"end":{"line":43,"column":1}},"6":{"start":{"line":17,"column":21},"end":{"line":17,"column":34}},"7":{"start":{"line":18,"column":25},"end":{"line":18,"column":44}},"8":{"start":{"line":19,"column":20},"end":{"line":19,"column":32}},"9":{"start":{"line":20,"column":4},"end":{"line":20,"column":55}},"10":{"start":{"line":21,"column":4},"end":{"line":42,"column":6}},"11":{"start":{"line":23,"column":35},"end":{"line":23,"column":96}}},"fnMap":{"0":{"name":"(anonymous_0)","decl":{"start":{"line":8,"column":19},"end":{"line":8,"column":20}},"loc":{"start":{"line":8,"column":25},"end":{"line":8,"column":57}},"line":8},"1":{"name":"(anonymous_1)","decl":{"start":{"line":9,"column":19},"end":{"line":9,"column":20}},"loc":{"start":{"line":9,"column":25},"end":{"line":9,"column":57}},"line":9},"2":{"name":"(anonymous_2)","decl":{"start":{"line":16,"column":18},"end":{"line":16,"column":19}},"loc":{"start":{"line":16,"column":26},"end":{"line":43,"column":1}},"line":16},"3":{"name":"(anonymous_3)","decl":{"start":{"line":23,"column":26},"end":{"line":23,"column":27}},"loc":{"start":{"line":23,"column":35},"end":{"line":23,"column":96}},"line":23}},"branchMap":{},"s":{"0":0,"1":0,"2":0,"3":0,"4":0,"5":0,"6":0,"7":0,"8":0,"9":0,"10":0,"11":0},"f":{"0":0,"1":0,"2":0,"3":0},"b":{}}
,"/Users/nancui/Desktop/cscwork/FFDP/react-base-18/src/containers/pageA/PageAContainer.jsx": {"path":"/Users/nancui/Desktop/cscwork/FFDP/react-base-18/src/containers/pageA/PageAContainer.jsx","statementMap":{"0":{"start":{"line":7,"column":22},"end":{"line":7,"column":29}},"1":{"start":{"line":9,"column":14},"end":{"line":52,"column":1}},"2":{"start":{"line":10,"column":30},"end":{"line":10,"column":63}},"3":{"start":{"line":12,"column":24},"end":{"line":19,"column":5}},"4":{"start":{"line":13,"column":8},"end":{"line":18,"column":10}},"5":{"start":{"line":20,"column":4},"end":{"line":51,"column":5}},"6":{"start":{"line":23,"column":60},"end":{"line":23,"column":84}},"7":{"start":{"line":54,"column":0},"end":{"line":57,"column":1}}},"fnMap":{"0":{"name":"(anonymous_0)","decl":{"start":{"line":9,"column":14},"end":{"line":9,"column":15}},"loc":{"start":{"line":9,"column":43},"end":{"line":52,"column":1}},"line":9},"1":{"name":"(anonymous_1)","decl":{"start":{"line":12,"column":24},"end":{"line":12,"column":25}},"loc":{"start":{"line":12,"column":30},"end":{"line":19,"column":5}},"line":12},"2":{"name":"(anonymous_2)","decl":{"start":{"line":23,"column":55},"end":{"line":23,"column":56}},"loc":{"start":{"line":23,"column":60},"end":{"line":23,"column":84}},"line":23}},"branchMap":{"0":{"loc":{"start":{"line":10,"column":39},"end":{"line":10,"column":62}},"type":"binary-expr","locations":[{"start":{"line":10,"column":39},"end":{"line":10,"column":56}},{"start":{"line":10,"column":60},"end":{"line":10,"column":62}}],"line":10},"1":{"loc":{"start":{"line":56,"column":16},"end":{"line":56,"column":40}},"type":"binary-expr","locations":[{"start":{"line":56,"column":16},"end":{"line":56,"column":32}},{"start":{"line":56,"column":36},"end":{"line":56,"column":40}}],"line":56}},"s":{"0":1,"1":1,"2":3,"3":3,"4":1,"5":3,"6":1,"7":1},"f":{"0":3,"1":1,"2":1},"b":{"0":[3,3],"1":[1,0]},"_coverageSchema":"1a1c01bbd47fc00a2c39e90264f33305004495a9","hash":"7b7b64204dc871230c4425948738a077d45f8e9b"}
,"/Users/nancui/Desktop/cscwork/FFDP/react-base-18/src/containers/pageB/PageBContainer.jsx": {"path":"/Users/nancui/Desktop/cscwork/FFDP/react-base-18/src/containers/pageB/PageBContainer.jsx","statementMap":{"0":{"start":{"line":6,"column":14},"end":{"line":28,"column":1}},"1":{"start":{"line":7,"column":19},"end":{"line":7,"column":32}},"2":{"start":{"line":8,"column":24},"end":{"line":8,"column":34}},"3":{"start":{"line":10,"column":4},"end":{"line":12,"column":10}},"4":{"start":{"line":11,"column":8},"end":{"line":11,"column":52}},"5":{"start":{"line":14,"column":21},"end":{"line":16,"column":5}},"6":{"start":{"line":15,"column":8},"end":{"line":15,"column":41}},"7":{"start":{"line":17,"column":19},"end":{"line":19,"column":5}},"8":{"start":{"line":18,"column":8},"end":{"line":18,"column":21}},"9":{"start":{"line":21,"column":4},"end":{"line":27,"column":5}}},"fnMap":{"0":{"name":"(anonymous_0)","decl":{"start":{"line":6,"column":14},"end":{"line":6,"column":15}},"loc":{"start":{"line":6,"column":20},"end":{"line":28,"column":1}},"line":6},"1":{"name":"(anonymous_1)","decl":{"start":{"line":10,"column":14},"end":{"line":10,"column":15}},"loc":{"start":{"line":10,"column":20},"end":{"line":12,"column":5}},"line":10},"2":{"name":"(anonymous_2)","decl":{"start":{"line":14,"column":21},"end":{"line":14,"column":22}},"loc":{"start":{"line":14,"column":27},"end":{"line":16,"column":5}},"line":14},"3":{"name":"(anonymous_3)","decl":{"start":{"line":17,"column":19},"end":{"line":17,"column":20}},"loc":{"start":{"line":17,"column":25},"end":{"line":19,"column":5}},"line":17}},"branchMap":{},"s":{"0":0,"1":0,"2":0,"3":0,"4":0,"5":0,"6":0,"7":0,"8":0,"9":0},"f":{"0":0,"1":0,"2":0,"3":0},"b":{}}
,"/Users/nancui/Desktop/cscwork/FFDP/react-base-18/src/utils/commonUtils.js": {"path":"/Users/nancui/Desktop/cscwork/FFDP/react-base-18/src/utils/commonUtils.js","statementMap":{"0":{"start":{"line":7,"column":4},"end":{"line":18,"column":5}},"1":{"start":{"line":8,"column":19},"end":{"line":8,"column":29}},"2":{"start":{"line":9,"column":8},"end":{"line":13,"column":11}},"3":{"start":{"line":10,"column":12},"end":{"line":12,"column":13}},"4":{"start":{"line":11,"column":16},"end":{"line":11,"column":31}},"5":{"start":{"line":14,"column":8},"end":{"line":14,"column":40}},"6":{"start":{"line":15,"column":8},"end":{"line":15,"column":41}},"7":{"start":{"line":17,"column":8},"end":{"line":17,"column":28}},"8":{"start":{"line":22,"column":12},"end":{"line":22,"column":32}},"9":{"start":{"line":23,"column":15},"end":{"line":30,"column":5}},"10":{"start":{"line":26,"column":20},"end":{"line":26,"column":53}},"11":{"start":{"line":27,"column":12},"end":{"line":27,"column":35}},"12":{"start":{"line":28,"column":12},"end":{"line":28,"column":65}},"13":{"start":{"line":31,"column":4},"end":{"line":31,"column":16}},"14":{"start":{"line":36,"column":8},"end":{"line":36,"column":36}},"15":{"start":{"line":39,"column":8},"end":{"line":43,"column":9}},"16":{"start":{"line":40,"column":12},"end":{"line":40,"column":28}},"17":{"start":{"line":41,"column":15},"end":{"line":43,"column":9}},"18":{"start":{"line":42,"column":12},"end":{"line":42,"column":27}},"19":{"start":{"line":44,"column":8},"end":{"line":44,"column":17}},"20":{"start":{"line":46,"column":15},"end":{"line":46,"column":25}},"21":{"start":{"line":48,"column":8},"end":{"line":54,"column":36}},"22":{"start":{"line":56,"column":4},"end":{"line":56,"column":36}},"23":{"start":{"line":62,"column":24},"end":{"line":119,"column":1}},"24":{"start":{"line":64,"column":4},"end":{"line":117,"column":5}},"25":{"start":{"line":65,"column":8},"end":{"line":65,"column":54}},"26":{"start":{"line":66,"column":8},"end":{"line":66,"column":61}},"27":{"start":{"line":67,"column":8},"end":{"line":79,"column":11}},"28":{"start":{"line":80,"column":8},"end":{"line":80,"column":42}},"29":{"start":{"line":81,"column":8},"end":{"line":81,"column":40}},"30":{"start":{"line":82,"column":8},"end":{"line":114,"column":11}},"31":{"start":{"line":86,"column":16},"end":{"line":86,"column":56}},"32":{"start":{"line":92,"column":16},"end":{"line":92,"column":71}},"33":{"start":{"line":96,"column":16},"end":{"line":96,"column":65}},"34":{"start":{"line":100,"column":16},"end":{"line":100,"column":61}},"35":{"start":{"line":103,"column":16},"end":{"line":103,"column":59}},"36":{"start":{"line":106,"column":16},"end":{"line":106,"column":60}},"37":{"start":{"line":109,"column":16},"end":{"line":109,"column":61}},"38":{"start":{"line":112,"column":16},"end":{"line":112,"column":60}},"39":{"start":{"line":116,"column":8},"end":{"line":116,"column":28}}},"fnMap":{"0":{"name":"addEventTrack","decl":{"start":{"line":6,"column":16},"end":{"line":6,"column":29}},"loc":{"start":{"line":6,"column":42},"end":{"line":19,"column":1}},"line":6},"1":{"name":"(anonymous_1)","decl":{"start":{"line":9,"column":49},"end":{"line":9,"column":50}},"loc":{"start":{"line":9,"column":62},"end":{"line":13,"column":9}},"line":9},"2":{"name":"generateUUID","decl":{"start":{"line":21,"column":9},"end":{"line":21,"column":21}},"loc":{"start":{"line":21,"column":24},"end":{"line":32,"column":1}},"line":21},"3":{"name":"(anonymous_3)","decl":{"start":{"line":25,"column":8},"end":{"line":25,"column":9}},"loc":{"start":{"line":25,"column":21},"end":{"line":29,"column":9}},"line":25},"4":{"name":"getFlowId","decl":{"start":{"line":34,"column":9},"end":{"line":34,"column":18}},"loc":{"start":{"line":34,"column":21},"end":{"line":57,"column":1}},"line":34},"5":{"name":"pad2","decl":{"start":{"line":35,"column":13},"end":{"line":35,"column":17}},"loc":{"start":{"line":35,"column":21},"end":{"line":37,"column":5}},"line":35},"6":{"name":"pad3","decl":{"start":{"line":38,"column":13},"end":{"line":38,"column":17}},"loc":{"start":{"line":38,"column":21},"end":{"line":45,"column":5}},"line":38},"7":{"name":"(anonymous_7)","decl":{"start":{"line":62,"column":24},"end":{"line":62,"column":25}},"loc":{"start":{"line":62,"column":42},"end":{"line":119,"column":1}},"line":62},"8":{"name":"(anonymous_8)","decl":{"start":{"line":84,"column":26},"end":{"line":84,"column":27}},"loc":{"start":{"line":84,"column":38},"end":{"line":87,"column":13}},"line":84},"9":{"name":"(anonymous_9)","decl":{"start":{"line":90,"column":35},"end":{"line":90,"column":36}},"loc":{"start":{"line":90,"column":47},"end":{"line":93,"column":13}},"line":90},"10":{"name":"(anonymous_10)","decl":{"start":{"line":94,"column":27},"end":{"line":94,"column":28}},"loc":{"start":{"line":94,"column":39},"end":{"line":97,"column":13}},"line":94},"11":{"name":"(anonymous_11)","decl":{"start":{"line":99,"column":19},"end":{"line":99,"column":20}},"loc":{"start":{"line":99,"column":31},"end":{"line":101,"column":13}},"line":99},"12":{"name":"(anonymous_12)","decl":{"start":{"line":102,"column":22},"end":{"line":102,"column":23}},"loc":{"start":{"line":102,"column":34},"end":{"line":104,"column":13}},"line":102},"13":{"name":"(anonymous_13)","decl":{"start":{"line":105,"column":18},"end":{"line":105,"column":19}},"loc":{"start":{"line":105,"column":30},"end":{"line":107,"column":13}},"line":105},"14":{"name":"(anonymous_14)","decl":{"start":{"line":108,"column":19},"end":{"line":108,"column":20}},"loc":{"start":{"line":108,"column":31},"end":{"line":110,"column":13}},"line":108},"15":{"name":"(anonymous_15)","decl":{"start":{"line":111,"column":18},"end":{"line":111,"column":19}},"loc":{"start":{"line":111,"column":30},"end":{"line":113,"column":13}},"line":111}},"branchMap":{"0":{"loc":{"start":{"line":8,"column":19},"end":{"line":8,"column":29}},"type":"binary-expr","locations":[{"start":{"line":8,"column":19},"end":{"line":8,"column":23}},{"start":{"line":8,"column":27},"end":{"line":8,"column":29}}],"line":8},"1":{"loc":{"start":{"line":10,"column":12},"end":{"line":12,"column":13}},"type":"if","locations":[{"start":{"line":10,"column":12},"end":{"line":12,"column":13}},{"start":{},"end":{}}],"line":10},"2":{"loc":{"start":{"line":10,"column":16},"end":{"line":10,"column":75}},"type":"binary-expr","locations":[{"start":{"line":10,"column":16},"end":{"line":10,"column":30}},{"start":{"line":10,"column":34},"end":{"line":10,"column":50}},{"start":{"line":10,"column":54},"end":{"line":10,"column":75}}],"line":10},"3":{"loc":{"start":{"line":28,"column":20},"end":{"line":28,"column":50}},"type":"cond-expr","locations":[{"start":{"line":28,"column":31},"end":{"line":28,"column":32}},{"start":{"line":28,"column":35},"end":{"line":28,"column":50}}],"line":28},"4":{"loc":{"start":{"line":36,"column":15},"end":{"line":36,"column":35}},"type":"cond-expr","locations":[{"start":{"line":36,"column":24},"end":{"line":36,"column":31}},{"start":{"line":36,"column":34},"end":{"line":36,"column":35}}],"line":36},"5":{"loc":{"start":{"line":39,"column":8},"end":{"line":43,"column":9}},"type":"if","locations":[{"start":{"line":39,"column":8},"end":{"line":43,"column":9}},{"start":{"line":41,"column":15},"end":{"line":43,"column":9}}],"line":39},"6":{"loc":{"start":{"line":41,"column":15},"end":{"line":43,"column":9}},"type":"if","locations":[{"start":{"line":41,"column":15},"end":{"line":43,"column":9}},{"start":{},"end":{}}],"line":41},"7":{"loc":{"start":{"line":41,"column":19},"end":{"line":41,"column":37}},"type":"binary-expr","locations":[{"start":{"line":41,"column":19},"end":{"line":41,"column":26}},{"start":{"line":41,"column":30},"end":{"line":41,"column":37}}],"line":41},"8":{"loc":{"start":{"line":92,"column":23},"end":{"line":92,"column":70}},"type":"cond-expr","locations":[{"start":{"line":92,"column":58},"end":{"line":92,"column":62}},{"start":{"line":92,"column":65},"end":{"line":92,"column":70}}],"line":92},"9":{"loc":{"start":{"line":96,"column":23},"end":{"line":96,"column":64}},"type":"binary-expr","locations":[{"start":{"line":96,"column":23},"end":{"line":96,"column":58}},{"start":{"line":96,"column":62},"end":{"line":96,"column":64}}],"line":96},"10":{"loc":{"start":{"line":100,"column":23},"end":{"line":100,"column":60}},"type":"binary-expr","locations":[{"start":{"line":100,"column":23},"end":{"line":100,"column":54}},{"start":{"line":100,"column":58},"end":{"line":100,"column":60}}],"line":100},"11":{"loc":{"start":{"line":103,"column":23},"end":{"line":103,"column":58}},"type":"binary-expr","locations":[{"start":{"line":103,"column":23},"end":{"line":103,"column":52}},{"start":{"line":103,"column":56},"end":{"line":103,"column":58}}],"line":103},"12":{"loc":{"start":{"line":106,"column":23},"end":{"line":106,"column":59}},"type":"binary-expr","locations":[{"start":{"line":106,"column":23},"end":{"line":106,"column":53}},{"start":{"line":106,"column":57},"end":{"line":106,"column":59}}],"line":106},"13":{"loc":{"start":{"line":109,"column":23},"end":{"line":109,"column":60}},"type":"binary-expr","locations":[{"start":{"line":109,"column":23},"end":{"line":109,"column":54}},{"start":{"line":109,"column":58},"end":{"line":109,"column":60}}],"line":109},"14":{"loc":{"start":{"line":112,"column":23},"end":{"line":112,"column":59}},"type":"binary-expr","locations":[{"start":{"line":112,"column":23},"end":{"line":112,"column":53}},{"start":{"line":112,"column":57},"end":{"line":112,"column":59}}],"line":112}},"s":{"0":0,"1":0,"2":0,"3":0,"4":0,"5":0,"6":0,"7":0,"8":0,"9":0,"10":0,"11":0,"12":0,"13":0,"14":0,"15":0,"16":0,"17":0,"18":0,"19":0,"20":0,"21":0,"22":0,"23":0,"24":0,"25":0,"26":0,"27":0,"28":0,"29":0,"30":0,"31":0,"32":0,"33":0,"34":0,"35":0,"36":0,"37":0,"38":0,"39":0},"f":{"0":0,"1":0,"2":0,"3":0,"4":0,"5":0,"6":0,"7":0,"8":0,"9":0,"10":0,"11":0,"12":0,"13":0,"14":0,"15":0},"b":{"0":[0,0],"1":[0,0],"2":[0,0,0],"3":[0,0],"4":[0,0],"5":[0,0],"6":[0,0],"7":[0,0],"8":[0,0],"9":[0,0],"10":[0,0],"11":[0,0],"12":[0,0],"13":[0,0],"14":[0,0]}}
}
